<?xml version="1.0" encoding="utf-8"?>
<CoverageSession xmlns:xsd="http://www.w3.org/2001/XMLSchema" xmlns:xsi="http://www.w3.org/2001/XMLSchema-instance">
  <Summary numSequencePoints="172" visitedSequencePoints="55" numBranchPoints="41" visitedBranchPoints="18" sequenceCoverage="31.98" branchCoverage="43.90" maxCyclomaticComplexity="5" minCyclomaticComplexity="1" visitedClasses="3" numClasses="8" visitedMethods="16" numMethods="31" />
  <Modules>
    <Module skippedDueTo="Filter" hash="4B-99-1A-E1-C1-09-C0-8E-91-E2-2A-B9-79-7E-78-0C-16-91-94-D2">
      <ModulePath>C:\WINDOWS\Microsoft.Net\assembly\GAC_64\mscorlib\v4.0_4.0.0.0__b77a5c561934e089\mscorlib.dll</ModulePath>
      <ModuleTime>2015-10-30T07:19:32.1589098Z</ModuleTime>
      <ModuleName>mscorlib</ModuleName>
      <Classes />
    </Module>
    <Module skippedDueTo="Filter" hash="C9-73-ED-04-00-C6-51-60-27-F2-A0-0B-90-05-B8-86-6E-DB-6B-00">
      <ModulePath>C:\Users\bkoenig\Desktop\BadExample\packages\xunit.runner.console.2.1.0\tools\xunit.console.exe</ModulePath>
      <ModuleTime>2016-04-05T16:49:35.1142151Z</ModuleTime>
      <ModuleName>xunit.console</ModuleName>
      <Classes />
    </Module>
    <Module skippedDueTo="Filter" hash="2C-BE-1B-C3-02-35-ED-A0-CC-7C-AB-BA-F1-C5-8D-DE-79-03-01-9A">
      <ModulePath>C:\Users\bkoenig\Desktop\BadExample\packages\xunit.runner.console.2.1.0\tools\xunit.runner.utility.desktop.dll</ModulePath>
      <ModuleTime>2016-04-05T16:49:35.1522462Z</ModuleTime>
      <ModuleName>xunit.runner.utility.desktop</ModuleName>
      <Classes />
    </Module>
    <Module skippedDueTo="Filter" hash="9E-A9-5D-7F-86-82-4D-02-7D-07-AD-C0-17-06-5D-73-8F-1F-28-44">
      <ModulePath>C:\Users\bkoenig\Desktop\BadExample\packages\xunit.runner.console.2.1.0\tools\xunit.abstractions.dll</ModulePath>
      <ModuleTime>2016-04-05T16:49:35.1122134Z</ModuleTime>
      <ModuleName>xunit.abstractions</ModuleName>
      <Classes />
    </Module>
    <Module skippedDueTo="Filter" hash="6D-E2-C1-DC-D0-43-62-D5-0D-26-7F-96-9C-67-32-F2-C7-1C-04-6F">
      <ModulePath>C:\WINDOWS\Microsoft.Net\assembly\GAC_MSIL\System.Core\v4.0_4.0.0.0__b77a5c561934e089\System.Core.dll</ModulePath>
      <ModuleTime>2015-10-30T07:19:34.0182785Z</ModuleTime>
      <ModuleName>System.Core</ModuleName>
      <Classes />
    </Module>
    <Module skippedDueTo="Filter" hash="AA-84-EA-4A-FD-23-17-44-E5-3B-73-2A-3D-B6-0E-17-EE-E1-53-6A">
      <ModulePath>C:\Users\bkoenig\Desktop\BadExample\packages\xunit.runner.console.2.1.0\tools\xunit.runner.reporters.desktop.dll</ModulePath>
      <ModuleTime>2016-04-05T16:49:35.1422381Z</ModuleTime>
      <ModuleName>xunit.runner.reporters.desktop</ModuleName>
      <Classes />
    </Module>
    <Module skippedDueTo="Filter" hash="4F-21-10-E6-18-64-7D-61-84-1D-01-2E-E8-10-CE-5F-73-21-43-95">
      <ModulePath>C:\WINDOWS\Microsoft.Net\assembly\GAC_MSIL\System.Net.Http\v4.0_4.0.0.0__b03f5f7f11d50a3a\System.Net.Http.dll</ModulePath>
      <ModuleTime>2015-10-30T07:19:38.1276408Z</ModuleTime>
      <ModuleName>System.Net.Http</ModuleName>
      <Classes />
    </Module>
    <Module skippedDueTo="Filter" hash="14-EE-03-D7-75-4C-A4-7D-7D-56-1B-38-DD-F3-EE-4C-FD-B8-7F-75">
      <ModulePath>C:\WINDOWS\Microsoft.Net\assembly\GAC_MSIL\System\v4.0_4.0.0.0__b77a5c561934e089\System.dll</ModulePath>
      <ModuleTime>2015-10-30T07:19:38.0807661Z</ModuleTime>
      <ModuleName>System</ModuleName>
      <Classes />
    </Module>
    <Module skippedDueTo="Filter" hash="1B-0C-C3-F2-9F-9D-FA-A0-48-C8-1D-B5-D5-A1-D4-7F-CB-CB-94-2F">
      <ModulePath>C:\WINDOWS\Microsoft.Net\assembly\GAC_64\System.Web\v4.0_4.0.0.0__b03f5f7f11d50a3a\System.Web.dll</ModulePath>
      <ModuleTime>2015-10-30T07:19:36.1276471Z</ModuleTime>
      <ModuleName>System.Web</ModuleName>
      <Classes />
    </Module>
    <Module skippedDueTo="Filter" hash="1D-43-36-2D-8B-2E-33-CE-61-DD-23-FB-CF-4A-31-FA-99-EF-8A-A3">
      <ModulePath>C:\WINDOWS\Microsoft.Net\assembly\GAC_MSIL\System.Xml.Linq\v4.0_4.0.0.0__b77a5c561934e089\System.Xml.Linq.dll</ModulePath>
      <ModuleTime>2015-10-30T07:19:31.658911Z</ModuleTime>
      <ModuleName>System.Xml.Linq</ModuleName>
      <Classes />
    </Module>
    <Module skippedDueTo="Filter" hash="EF-52-21-EB-4F-85-D8-B3-D7-89-84-B0-B6-75-FA-E6-AA-E1-AE-FC">
      <ModulePath>C:\WINDOWS\Microsoft.Net\assembly\GAC_MSIL\System.Xml\v4.0_4.0.0.0__b77a5c561934e089\System.Xml.dll</ModulePath>
      <ModuleTime>2015-10-30T07:19:38.0182662Z</ModuleTime>
      <ModuleName>System.Xml</ModuleName>
      <Classes />
    </Module>
    <Module skippedDueTo="Filter" hash="49-F6-B9-FA-89-1F-12-21-02-F2-B4-EB-98-8E-A0-5F-9D-8D-B9-EB">
      <ModulePath>C:\WINDOWS\Microsoft.Net\assembly\GAC_MSIL\System.Configuration\v4.0_4.0.0.0__b03f5f7f11d50a3a\System.Configuration.dll</ModulePath>
      <ModuleTime>2015-10-30T07:19:36.3463962Z</ModuleTime>
      <ModuleName>System.Configuration</ModuleName>
      <Classes />
    </Module>
    <Module skippedDueTo="Filter" hash="2C-BE-1B-C3-02-35-ED-A0-CC-7C-AB-BA-F1-C5-8D-DE-79-03-01-9A">
      <ModulePath>C:\Users\bkoenig\AppData\Local\Temp\c31ecb3d-7f44-4ded-b340-803a91c3d162\c31ecb3d-7f44-4ded-b340-803a91c3d162\assembly\dl3\656f9d78\9e345922_5b8fd101\xunit.runner.utility.desktop.dll</ModulePath>
      <ModuleTime>2016-04-06T19:06:58.9500657Z</ModuleTime>
      <ModuleName>xunit.runner.utility.desktop</ModuleName>
      <Classes />
    </Module>
    <Module skippedDueTo="Filter" hash="6D-E2-C1-DC-D0-43-62-D5-0D-26-7F-96-9C-67-32-F2-C7-1C-04-6F">
      <ModulePath>C:\WINDOWS\Microsoft.Net\assembly\GAC_MSIL\System.Core\v4.0_4.0.0.0__b77a5c561934e089\System.Core.dll</ModulePath>
      <ModuleTime>2015-10-30T07:19:34.0182785Z</ModuleTime>
      <ModuleName>System.Core</ModuleName>
      <Classes />
    </Module>
    <Module skippedDueTo="Filter" hash="14-EE-03-D7-75-4C-A4-7D-7D-56-1B-38-DD-F3-EE-4C-FD-B8-7F-75">
      <ModulePath>C:\WINDOWS\Microsoft.Net\assembly\GAC_MSIL\System\v4.0_4.0.0.0__b77a5c561934e089\System.dll</ModulePath>
      <ModuleTime>2015-10-30T07:19:38.0807661Z</ModuleTime>
      <ModuleName>System</ModuleName>
      <Classes />
    </Module>
    <Module skippedDueTo="Filter" hash="">
      <ModulePath>RefEmit_InMemoryManifestModule</ModulePath>
      <ModuleTime>0001-01-01T00:00:00</ModuleTime>
      <ModuleName>Anonymously Hosted DynamicMethods Assembly</ModuleName>
      <Classes />
    </Module>
    <Module skippedDueTo="Filter" hash="1C-98-E7-D5-12-C9-46-02-B9-15-DE-97-26-5D-DC-A9-16-A3-35-F9">
      <ModulePath>C:\Users\bkoenig\Desktop\BadExample\BadExample.Test\bin\Debug\BadExample.Test.dll</ModulePath>
      <ModuleTime>2016-04-06T19:06:34.1636521Z</ModuleTime>
      <ModuleName>BadExample.Test</ModuleName>
      <Classes />
    </Module>
    <Module skippedDueTo="Filter" hash="51-60-07-3A-41-C0-01-C6-0C-80-56-7D-83-63-89-31-36-5F-A9-FE">
      <ModulePath>C:\Users\bkoenig\AppData\Local\Temp\65766744-2564-4beb-a5b9-9be2a66ba48d\65766744-2564-4beb-a5b9-9be2a66ba48d\assembly\dl3\3c4e9c5a\772fd63c_4c8fd101\xunit.execution.desktop.dll</ModulePath>
      <ModuleTime>2016-04-06T19:06:59.1389346Z</ModuleTime>
      <ModuleName>xunit.execution.desktop</ModuleName>
      <Classes />
    </Module>
    <Module skippedDueTo="Filter" hash="9E-A9-5D-7F-86-82-4D-02-7D-07-AD-C0-17-06-5D-73-8F-1F-28-44">
      <ModulePath>C:\Users\bkoenig\AppData\Local\Temp\65766744-2564-4beb-a5b9-9be2a66ba48d\65766744-2564-4beb-a5b9-9be2a66ba48d\assembly\dl3\dc2d7119\7f26ae43_4c8fd101\xunit.abstractions.dll</ModulePath>
      <ModuleTime>2016-04-06T19:06:59.1580834Z</ModuleTime>
      <ModuleName>xunit.abstractions</ModuleName>
      <Classes />
    </Module>
    <Module skippedDueTo="Filter" hash="14-EE-03-D7-75-4C-A4-7D-7D-56-1B-38-DD-F3-EE-4C-FD-B8-7F-75">
      <ModulePath>C:\WINDOWS\Microsoft.Net\assembly\GAC_MSIL\System\v4.0_4.0.0.0__b77a5c561934e089\System.dll</ModulePath>
      <ModuleTime>2015-10-30T07:19:38.0807661Z</ModuleTime>
      <ModuleName>System</ModuleName>
      <Classes />
    </Module>
    <Module skippedDueTo="Filter" hash="1C-98-E7-D5-12-C9-46-02-B9-15-DE-97-26-5D-DC-A9-16-A3-35-F9">
      <ModulePath>C:\Users\bkoenig\AppData\Local\Temp\65766744-2564-4beb-a5b9-9be2a66ba48d\65766744-2564-4beb-a5b9-9be2a66ba48d\assembly\dl3\44d520f5\a991ac6f_3790d101\BadExample.Test.dll</ModulePath>
      <ModuleTime>2016-04-06T19:06:59.193201Z</ModuleTime>
      <ModuleName>BadExample.Test</ModuleName>
      <Classes />
    </Module>
    <Module skippedDueTo="Filter" hash="2C-BE-1B-C3-02-35-ED-A0-CC-7C-AB-BA-F1-C5-8D-DE-79-03-01-9A">
      <ModulePath>C:\Users\bkoenig\AppData\Local\Temp\65766744-2564-4beb-a5b9-9be2a66ba48d\65766744-2564-4beb-a5b9-9be2a66ba48d\assembly\dl3\b89f1f28\ad74ae43_4c8fd101\xunit.runner.utility.desktop.dll</ModulePath>
      <ModuleTime>2016-04-06T19:06:59.20423Z</ModuleTime>
      <ModuleName>xunit.runner.utility.desktop</ModuleName>
      <Classes />
    </Module>
    <Module skippedDueTo="Filter" hash="9F-06-B1-CA-CB-A0-C1-4D-45-F5-AA-8F-72-C0-DF-0F-F4-EF-29-CF">
      <ModulePath>C:\Users\bkoenig\AppData\Local\Temp\65766744-2564-4beb-a5b9-9be2a66ba48d\65766744-2564-4beb-a5b9-9be2a66ba48d\assembly\dl3\b1517e7b\b9ddab3b_4c8fd101\xunit.core.dll</ModulePath>
      <ModuleTime>2016-04-06T19:06:59.2366784Z</ModuleTime>
      <ModuleName>xunit.core</ModuleName>
      <Classes />
    </Module>
    <Module skippedDueTo="Filter" hash="6D-E2-C1-DC-D0-43-62-D5-0D-26-7F-96-9C-67-32-F2-C7-1C-04-6F">
      <ModulePath>C:\WINDOWS\Microsoft.Net\assembly\GAC_MSIL\System.Core\v4.0_4.0.0.0__b77a5c561934e089\System.Core.dll</ModulePath>
      <ModuleTime>2015-10-30T07:19:34.0182785Z</ModuleTime>
      <ModuleName>System.Core</ModuleName>
      <Classes />
    </Module>
    <Module skippedDueTo="Filter" hash="BC-7B-32-7E-3E-36-53-9E-4D-AA-4E-5B-B4-19-E7-43-BE-B4-5F-42">
      <ModulePath>C:\WINDOWS\Microsoft.Net\assembly\GAC_MSIL\System.Runtime\v4.0_4.0.0.0__b03f5f7f11d50a3a\System.Runtime.dll</ModulePath>
      <ModuleTime>2015-10-30T07:19:38.1276408Z</ModuleTime>
      <ModuleName>System.Runtime</ModuleName>
      <Classes />
    </Module>
    <Module skippedDueTo="Filter" hash="F5-60-6B-AD-8D-F6-AE-33-0B-82-DC-5F-7D-DA-19-9A-AB-05-04-E2">
      <ModulePath>C:\WINDOWS\Microsoft.Net\assembly\GAC_MSIL\System.Threading.Tasks\v4.0_4.0.0.0__b03f5f7f11d50a3a\System.Threading.Tasks.dll</ModulePath>
      <ModuleTime>2015-10-30T07:19:36.221397Z</ModuleTime>
      <ModuleName>System.Threading.Tasks</ModuleName>
      <Classes />
    </Module>
    <Module skippedDueTo="Filter" hash="58-96-1B-9B-46-25-3F-DA-DE-29-73-BB-93-35-54-6A-34-CE-62-F0">
      <ModulePath>C:\WINDOWS\Microsoft.Net\assembly\GAC_MSIL\System.Collections\v4.0_4.0.0.0__b03f5f7f11d50a3a\System.Collections.dll</ModulePath>
      <ModuleTime>2015-10-30T07:19:34.2214033Z</ModuleTime>
      <ModuleName>System.Collections</ModuleName>
      <Classes />
    </Module>
    <Module hash="1F-0E-7D-32-41-9E-71-DB-A5-AA-60-01-48-9D-13-C7-E3-8A-89-92">
      <Summary numSequencePoints="172" visitedSequencePoints="55" numBranchPoints="41" visitedBranchPoints="18" sequenceCoverage="31.98" branchCoverage="43.90" maxCyclomaticComplexity="5" minCyclomaticComplexity="1" visitedClasses="3" numClasses="8" visitedMethods="16" numMethods="31" />
      <ModulePath>C:\Users\bkoenig\AppData\Local\Temp\65766744-2564-4beb-a5b9-9be2a66ba48d\65766744-2564-4beb-a5b9-9be2a66ba48d\assembly\dl3\c7bfb9bc\0d1e4944_3690d101\BadExample.Service.dll</ModulePath>
      <ModuleTime>2016-04-06T19:06:59.6859369Z</ModuleTime>
      <ModuleName>BadExample.Service</ModuleName>
      <Files>
        <File uid="1" fullPath="C:\Users\bkoenig\Desktop\BadExample\BadExample.Service\EmailAttachmentProcessor.cs" />
        <File uid="2" fullPath="C:\Users\bkoenig\Desktop\BadExample\BadExample.Service\Services\AmazonWebService.cs" />
        <File uid="3" fullPath="C:\Users\bkoenig\Desktop\BadExample\BadExample.Service\Services\EmailClientService.cs" />
        <File uid="4" fullPath="C:\Users\bkoenig\Desktop\BadExample\BadExample.Service\Services\FileWrapperService.cs" />
        <File uid="5" fullPath="C:\Users\bkoenig\Desktop\BadExample\BadExample.Service\Services\InventoryProcessor.cs" />
        <File uid="6" fullPath="C:\Users\bkoenig\Desktop\BadExample\BadExample.Service\Models\InventoryItem.cs" />
        <File uid="7" fullPath="C:\Users\bkoenig\Desktop\BadExample\BadExample.Service\Extensions\ArrayExtensions.cs" />
        <File uid="8" fullPath="C:\Users\bkoenig\Desktop\BadExample\BadExample.Service\Database\DatabaseAccessor.cs" />
      </Files>
      <Classes>
        <Class>
          <Summary numSequencePoints="0" visitedSequencePoints="0" numBranchPoints="0" visitedBranchPoints="0" sequenceCoverage="0" branchCoverage="0" maxCyclomaticComplexity="0" minCyclomaticComplexity="0" visitedClasses="0" numClasses="0" visitedMethods="0" numMethods="0" />
          <FullName>&lt;Module&gt;</FullName>
          <Methods />
        </Class>
        <Class>
          <Summary numSequencePoints="27" visitedSequencePoints="0" numBranchPoints="2" visitedBranchPoints="0" sequenceCoverage="0" branchCoverage="0" maxCyclomaticComplexity="5" minCyclomaticComplexity="1" visitedClasses="0" numClasses="1" visitedMethods="0" numMethods="2" />
          <FullName>BadExample.Service.EmailAttachmentProcessor</FullName>
          <Methods>
            <Method visited="false" cyclomaticComplexity="1" nPathComplexity="0" sequenceCoverage="0" branchCoverage="0" isConstructor="true" isStatic="false" isGetter="false" isSetter="false">
              <Summary numSequencePoints="7" visitedSequencePoints="0" numBranchPoints="1" visitedBranchPoints="0" sequenceCoverage="0" branchCoverage="0" maxCyclomaticComplexity="1" minCyclomaticComplexity="1" visitedClasses="0" numClasses="0" visitedMethods="0" numMethods="1" />
              <MetadataToken>100663297</MetadataToken>
              <Name>System.Void BadExample.Service.EmailAttachmentProcessor::.ctor(BadExample.Service.Interfaces.IEmailClientService,BadExample.Service.Interfaces.IFileWrapperService,BadExample.Service.Interfaces.IAmazonWebService)</Name>
              <FileRef uid="1" />
              <SequencePoints>
                <SequencePoint vc="0" uspid="1" ordinal="0" offset="0" sl="12" sc="9" el="12" ec="156" bec="0" bev="0" fileid="1" />
                <SequencePoint vc="0" uspid="2" ordinal="1" offset="7" sl="13" sc="9" el="13" ec="10" bec="0" bev="0" fileid="1" />
                <SequencePoint vc="0" uspid="3" ordinal="2" offset="8" sl="14" sc="13" el="14" ec="54" bec="0" bev="0" fileid="1" />
                <SequencePoint vc="0" uspid="4" ordinal="3" offset="15" sl="15" sc="13" el="15" ec="141" bec="0" bev="0" fileid="1" />
                <SequencePoint vc="0" uspid="5" ordinal="4" offset="57" sl="16" sc="13" el="16" ec="54" bec="0" bev="0" fileid="1" />
                <SequencePoint vc="0" uspid="6" ordinal="5" offset="64" sl="17" sc="13" el="17" ec="50" bec="0" bev="0" fileid="1" />
                <SequencePoint vc="0" uspid="7" ordinal="6" offset="71" sl="18" sc="9" el="18" ec="10" bec="0" bev="0" fileid="1" />
              </SequencePoints>
              <BranchPoints />
              <MethodPoint xsi:type="SequencePoint" vc="0" uspid="1" ordinal="0" offset="0" sl="12" sc="9" el="12" ec="156" bec="0" bev="0" fileid="1" />
            </Method>
            <Method visited="false" cyclomaticComplexity="5" nPathComplexity="0" sequenceCoverage="0" branchCoverage="0" isConstructor="false" isStatic="false" isGetter="false" isSetter="false">
              <Summary numSequencePoints="20" visitedSequencePoints="0" numBranchPoints="1" visitedBranchPoints="0" sequenceCoverage="0" branchCoverage="0" maxCyclomaticComplexity="5" minCyclomaticComplexity="5" visitedClasses="0" numClasses="0" visitedMethods="0" numMethods="1" />
              <MetadataToken>100663298</MetadataToken>
              <Name>System.Void BadExample.Service.EmailAttachmentProcessor::ProcessEmailAttachments()</Name>
              <FileRef uid="1" />
              <SequencePoints>
                <SequencePoint vc="0" uspid="8" ordinal="0" offset="0" sl="20" sc="9" el="20" ec="10" bec="0" bev="0" fileid="1" />
                <SequencePoint vc="0" uspid="9" ordinal="1" offset="1" sl="22" sc="13" el="22" ec="129" bec="0" bev="0" fileid="1" />
                <SequencePoint vc="0" uspid="10" ordinal="2" offset="28" sl="24" sc="13" el="24" ec="20" bec="0" bev="0" fileid="1" />
                <SequencePoint vc="0" uspid="11" ordinal="3" offset="29" sl="24" sc="35" el="24" ec="51" bec="0" bev="0" fileid="1" />
                <SequencePoint vc="0" uspid="12" ordinal="4" offset="41" sl="24" sc="22" el="24" ec="31" bec="0" bev="0" fileid="1" />
                <SequencePoint vc="0" uspid="13" ordinal="5" offset="48" sl="25" sc="13" el="25" ec="14" bec="0" bev="0" fileid="1" />
                <SequencePoint vc="0" uspid="14" ordinal="6" offset="49" sl="27" sc="17" el="27" ec="91" bec="0" bev="0" fileid="1" />
                <SequencePoint vc="0" uspid="15" ordinal="7" offset="62" sl="29" sc="17" el="29" ec="24" bec="0" bev="0" fileid="1" />
                <SequencePoint vc="0" uspid="16" ordinal="8" offset="63" sl="29" sc="44" el="29" ec="62" bec="0" bev="0" fileid="1" />
                <SequencePoint vc="0" uspid="17" ordinal="9" offset="73" sl="29" sc="26" el="29" ec="40" bec="0" bev="0" fileid="1" />
                <SequencePoint vc="0" uspid="18" ordinal="10" offset="82" sl="30" sc="17" el="30" ec="18" bec="0" bev="0" fileid="1" />
                <SequencePoint vc="0" uspid="19" ordinal="11" offset="83" sl="31" sc="21" el="31" ec="139" bec="0" bev="0" fileid="1" />
                <SequencePoint vc="0" uspid="20" ordinal="12" offset="113" sl="34" sc="21" el="34" ec="71" bec="0" bev="0" fileid="1" />
                <SequencePoint vc="0" uspid="21" ordinal="13" offset="127" sl="37" sc="21" el="37" ec="141" bec="0" bev="0" fileid="1" />
                <SequencePoint vc="0" uspid="22" ordinal="14" offset="168" sl="40" sc="21" el="40" ec="73" bec="0" bev="0" fileid="1" />
                <SequencePoint vc="0" uspid="23" ordinal="15" offset="187" sl="41" sc="17" el="41" ec="18" bec="0" bev="0" fileid="1" />
                <SequencePoint vc="0" uspid="24" ordinal="16" offset="188" sl="29" sc="41" el="29" ec="43" bec="0" bev="0" fileid="1" />
                <SequencePoint vc="0" uspid="25" ordinal="17" offset="212" sl="42" sc="13" el="42" ec="14" bec="0" bev="0" fileid="1" />
                <SequencePoint vc="0" uspid="26" ordinal="18" offset="213" sl="24" sc="32" el="24" ec="34" bec="0" bev="0" fileid="1" />
                <SequencePoint vc="0" uspid="27" ordinal="19" offset="237" sl="43" sc="9" el="43" ec="10" bec="0" bev="0" fileid="1" />
              </SequencePoints>
              <BranchPoints />
              <MethodPoint xsi:type="SequencePoint" vc="0" uspid="8" ordinal="0" offset="0" sl="20" sc="9" el="20" ec="10" bec="0" bev="0" fileid="1" />
            </Method>
          </Methods>
        </Class>
        <Class>
          <Summary numSequencePoints="18" visitedSequencePoints="0" numBranchPoints="3" visitedBranchPoints="0" sequenceCoverage="0" branchCoverage="0" maxCyclomaticComplexity="1" minCyclomaticComplexity="1" visitedClasses="0" numClasses="1" visitedMethods="0" numMethods="3" />
          <FullName>BadExample.Service.Services.AmazonWebService</FullName>
          <Methods>
            <Method visited="false" cyclomaticComplexity="1" nPathComplexity="0" sequenceCoverage="0" branchCoverage="0" isConstructor="true" isStatic="false" isGetter="false" isSetter="false">
              <Summary numSequencePoints="5" visitedSequencePoints="0" numBranchPoints="1" visitedBranchPoints="0" sequenceCoverage="0" branchCoverage="0" maxCyclomaticComplexity="1" minCyclomaticComplexity="1" visitedClasses="0" numClasses="0" visitedMethods="0" numMethods="1" />
              <MetadataToken>100663299</MetadataToken>
              <Name>System.Void BadExample.Service.Services.AmazonWebService::.ctor()</Name>
              <FileRef uid="2" />
              <SequencePoints>
                <SequencePoint vc="0" uspid="32" ordinal="0" offset="0" sl="15" sc="9" el="15" ec="34" bec="0" bev="0" fileid="2" />
                <SequencePoint vc="0" uspid="33" ordinal="1" offset="7" sl="16" sc="9" el="16" ec="10" bec="0" bev="0" fileid="2" />
                <SequencePoint vc="0" uspid="34" ordinal="2" offset="8" sl="17" sc="13" el="17" ec="78" bec="0" bev="0" fileid="2" />
                <SequencePoint vc="0" uspid="35" ordinal="3" offset="29" sl="18" sc="13" el="18" ec="78" bec="0" bev="0" fileid="2" />
                <SequencePoint vc="0" uspid="36" ordinal="4" offset="50" sl="19" sc="9" el="19" ec="10" bec="0" bev="0" fileid="2" />
              </SequencePoints>
              <BranchPoints />
              <MethodPoint xsi:type="SequencePoint" vc="0" uspid="32" ordinal="0" offset="0" sl="15" sc="9" el="15" ec="34" bec="0" bev="0" fileid="2" />
            </Method>
            <Method visited="false" cyclomaticComplexity="1" nPathComplexity="0" sequenceCoverage="0" branchCoverage="0" isConstructor="false" isStatic="false" isGetter="false" isSetter="false">
              <Summary numSequencePoints="5" visitedSequencePoints="0" numBranchPoints="1" visitedBranchPoints="0" sequenceCoverage="0" branchCoverage="0" maxCyclomaticComplexity="1" minCyclomaticComplexity="1" visitedClasses="0" numClasses="0" visitedMethods="0" numMethods="1" />
              <MetadataToken>100663300</MetadataToken>
              <Name>System.Void BadExample.Service.Services.AmazonWebService::UploadFileToBucket(System.String,System.String,System.String)</Name>
              <FileRef uid="2" />
              <SequencePoints>
                <SequencePoint vc="0" uspid="37" ordinal="0" offset="0" sl="21" sc="9" el="21" ec="10" bec="0" bev="0" fileid="2" />
                <SequencePoint vc="0" uspid="38" ordinal="1" offset="1" sl="22" sc="13" el="22" ec="100" bec="0" bev="0" fileid="2" />
                <SequencePoint vc="0" uspid="39" ordinal="2" offset="18" sl="23" sc="13" el="28" ec="15" bec="0" bev="0" fileid="2" />
                <SequencePoint vc="0" uspid="40" ordinal="3" offset="50" sl="29" sc="13" el="29" ec="74" bec="0" bev="0" fileid="2" />
                <SequencePoint vc="0" uspid="41" ordinal="4" offset="58" sl="30" sc="9" el="30" ec="10" bec="0" bev="0" fileid="2" />
              </SequencePoints>
              <BranchPoints />
              <MethodPoint xsi:type="SequencePoint" vc="0" uspid="37" ordinal="0" offset="0" sl="21" sc="9" el="21" ec="10" bec="0" bev="0" fileid="2" />
            </Method>
            <Method visited="false" cyclomaticComplexity="1" nPathComplexity="0" sequenceCoverage="0" branchCoverage="0" isConstructor="false" isStatic="false" isGetter="false" isSetter="false">
              <Summary numSequencePoints="8" visitedSequencePoints="0" numBranchPoints="1" visitedBranchPoints="0" sequenceCoverage="0" branchCoverage="0" maxCyclomaticComplexity="1" minCyclomaticComplexity="1" visitedClasses="0" numClasses="0" visitedMethods="0" numMethods="1" />
              <MetadataToken>100663301</MetadataToken>
              <Name>Amazon.Runtime.SessionAWSCredentials BadExample.Service.Services.AmazonWebService::GetCredentials()</Name>
              <FileRef uid="2" />
              <SequencePoints>
                <SequencePoint vc="0" uspid="42" ordinal="0" offset="0" sl="33" sc="9" el="33" ec="10" bec="0" bev="0" fileid="2" />
                <SequencePoint vc="0" uspid="43" ordinal="1" offset="1" sl="34" sc="13" el="35" ec="32" bec="0" bev="0" fileid="2" />
                <SequencePoint vc="0" uspid="44" ordinal="2" offset="19" sl="37" sc="13" el="40" ec="15" bec="0" bev="0" fileid="2" />
                <SequencePoint vc="0" uspid="45" ordinal="3" offset="42" sl="42" sc="13" el="42" ec="90" bec="0" bev="0" fileid="2" />
                <SequencePoint vc="0" uspid="46" ordinal="4" offset="50" sl="43" sc="13" el="43" ec="64" bec="0" bev="0" fileid="2" />
                <SequencePoint vc="0" uspid="47" ordinal="5" offset="57" sl="45" sc="13" el="46" ec="43" bec="0" bev="0" fileid="2" />
                <SequencePoint vc="0" uspid="48" ordinal="6" offset="82" sl="48" sc="13" el="48" ec="39" bec="0" bev="0" fileid="2" />
                <SequencePoint vc="0" uspid="49" ordinal="7" offset="88" sl="49" sc="9" el="49" ec="10" bec="0" bev="0" fileid="2" />
              </SequencePoints>
              <BranchPoints />
              <MethodPoint xsi:type="SequencePoint" vc="0" uspid="42" ordinal="0" offset="0" sl="33" sc="9" el="33" ec="10" bec="0" bev="0" fileid="2" />
            </Method>
          </Methods>
        </Class>
        <Class>
          <Summary numSequencePoints="20" visitedSequencePoints="12" numBranchPoints="4" visitedBranchPoints="2" sequenceCoverage="60" branchCoverage="50" maxCyclomaticComplexity="1" minCyclomaticComplexity="1" visitedClasses="1" numClasses="1" visitedMethods="2" numMethods="4" />
          <FullName>BadExample.Service.Services.EmailClientService</FullName>
          <Methods>
            <Method visited="true" cyclomaticComplexity="1" nPathComplexity="0" sequenceCoverage="100" branchCoverage="100" isConstructor="true" isStatic="false" isGetter="false" isSetter="false">
              <Summary numSequencePoints="4" visitedSequencePoints="4" numBranchPoints="1" visitedBranchPoints="1" sequenceCoverage="100" branchCoverage="100" maxCyclomaticComplexity="1" minCyclomaticComplexity="1" visitedClasses="0" numClasses="0" visitedMethods="1" numMethods="1" />
              <MetadataToken>100663302</MetadataToken>
              <Name>System.Void BadExample.Service.Services.EmailClientService::.ctor()</Name>
              <FileRef uid="3" />
              <SequencePoints>
                <SequencePoint vc="1" uspid="50" ordinal="0" offset="0" sl="12" sc="9" el="12" ec="36" bec="0" bev="0" fileid="3" />
                <SequencePoint vc="1" uspid="51" ordinal="1" offset="7" sl="13" sc="9" el="13" ec="10" bec="0" bev="0" fileid="3" />
                <SequencePoint vc="1" uspid="52" ordinal="2" offset="8" sl="14" sc="13" el="14" ec="67" bec="0" bev="0" fileid="3" />
                <SequencePoint vc="1" uspid="53" ordinal="3" offset="31" sl="15" sc="9" el="15" ec="10" bec="0" bev="0" fileid="3" />
              </SequencePoints>
              <BranchPoints />
              <MethodPoint xsi:type="SequencePoint" vc="1" uspid="50" ordinal="0" offset="0" sl="12" sc="9" el="12" ec="36" bec="0" bev="0" fileid="3" />
            </Method>
            <Method visited="true" cyclomaticComplexity="1" nPathComplexity="0" sequenceCoverage="80" branchCoverage="100" isConstructor="false" isStatic="false" isGetter="false" isSetter="false">
              <Summary numSequencePoints="10" visitedSequencePoints="8" numBranchPoints="1" visitedBranchPoints="1" sequenceCoverage="80" branchCoverage="100" maxCyclomaticComplexity="1" minCyclomaticComplexity="1" visitedClasses="0" numClasses="0" visitedMethods="1" numMethods="1" />
              <MetadataToken>100663303</MetadataToken>
              <Name>System.Boolean BadExample.Service.Services.EmailClientService::Login(System.String,System.String)</Name>
              <FileRef uid="3" />
              <SequencePoints>
                <SequencePoint vc="1" uspid="54" ordinal="0" offset="0" sl="18" sc="9" el="18" ec="10" bec="0" bev="0" fileid="3" />
                <SequencePoint vc="1" uspid="55" ordinal="1" offset="1" sl="20" sc="13" el="20" ec="14" bec="0" bev="0" fileid="3" />
                <SequencePoint vc="1" uspid="56" ordinal="2" offset="2" sl="21" sc="17" el="21" ec="68" bec="0" bev="0" fileid="3" />
                <SequencePoint vc="0" uspid="57" ordinal="3" offset="17" sl="22" sc="13" el="22" ec="14" bec="0" bev="0" fileid="3" />
                <SequencePoint vc="1" uspid="58" ordinal="4" offset="20" sl="23" sc="13" el="23" ec="33" bec="0" bev="0" fileid="3" />
                <SequencePoint vc="1" uspid="59" ordinal="5" offset="21" sl="24" sc="13" el="24" ec="14" bec="0" bev="0" fileid="3" />
                <SequencePoint vc="1" uspid="60" ordinal="6" offset="22" sl="25" sc="17" el="25" ec="35" bec="0" bev="0" fileid="3" />
                <SequencePoint vc="1" uspid="61" ordinal="7" offset="29" sl="26" sc="17" el="26" ec="30" bec="0" bev="0" fileid="3" />
                <SequencePoint vc="0" uspid="62" ordinal="8" offset="33" sl="28" sc="13" el="28" ec="25" bec="0" bev="0" fileid="3" />
                <SequencePoint vc="1" uspid="63" ordinal="9" offset="37" sl="29" sc="9" el="29" ec="10" bec="0" bev="0" fileid="3" />
              </SequencePoints>
              <BranchPoints />
              <MethodPoint xsi:type="SequencePoint" vc="1" uspid="54" ordinal="0" offset="0" sl="18" sc="9" el="18" ec="10" bec="0" bev="0" fileid="3" />
            </Method>
            <Method visited="false" cyclomaticComplexity="1" nPathComplexity="0" sequenceCoverage="0" branchCoverage="0" isConstructor="false" isStatic="false" isGetter="false" isSetter="false">
              <Summary numSequencePoints="3" visitedSequencePoints="0" numBranchPoints="1" visitedBranchPoints="0" sequenceCoverage="0" branchCoverage="0" maxCyclomaticComplexity="1" minCyclomaticComplexity="1" visitedClasses="0" numClasses="0" visitedMethods="0" numMethods="1" />
              <MetadataToken>100663304</MetadataToken>
              <Name>System.Collections.Generic.IEnumerable`1&lt;System.UInt32&gt; BadExample.Service.Services.EmailClientService::GetEmailsFromSender(System.String)</Name>
              <FileRef uid="3" />
              <SequencePoints>
                <SequencePoint vc="0" uspid="64" ordinal="0" offset="0" sl="32" sc="9" el="32" ec="10" bec="0" bev="0" fileid="3" />
                <SequencePoint vc="0" uspid="65" ordinal="1" offset="1" sl="33" sc="13" el="33" ec="68" bec="0" bev="0" fileid="3" />
                <SequencePoint vc="0" uspid="66" ordinal="2" offset="22" sl="34" sc="9" el="34" ec="10" bec="0" bev="0" fileid="3" />
              </SequencePoints>
              <BranchPoints />
              <MethodPoint xsi:type="SequencePoint" vc="0" uspid="64" ordinal="0" offset="0" sl="32" sc="9" el="32" ec="10" bec="0" bev="0" fileid="3" />
            </Method>
            <Method visited="false" cyclomaticComplexity="1" nPathComplexity="0" sequenceCoverage="0" branchCoverage="0" isConstructor="false" isStatic="false" isGetter="false" isSetter="false">
              <Summary numSequencePoints="3" visitedSequencePoints="0" numBranchPoints="1" visitedBranchPoints="0" sequenceCoverage="0" branchCoverage="0" maxCyclomaticComplexity="1" minCyclomaticComplexity="1" visitedClasses="0" numClasses="0" visitedMethods="0" numMethods="1" />
              <MetadataToken>100663305</MetadataToken>
              <Name>System.Net.Mail.AttachmentCollection BadExample.Service.Services.EmailClientService::GetAttachmentsByEmail(System.UInt32)</Name>
              <FileRef uid="3" />
              <SequencePoints>
                <SequencePoint vc="0" uspid="67" ordinal="0" offset="0" sl="37" sc="9" el="37" ec="10" bec="0" bev="0" fileid="3" />
                <SequencePoint vc="0" uspid="68" ordinal="1" offset="1" sl="38" sc="13" el="38" ec="58" bec="0" bev="0" fileid="3" />
                <SequencePoint vc="0" uspid="69" ordinal="2" offset="23" sl="39" sc="9" el="39" ec="10" bec="0" bev="0" fileid="3" />
              </SequencePoints>
              <BranchPoints />
              <MethodPoint xsi:type="SequencePoint" vc="0" uspid="67" ordinal="0" offset="0" sl="37" sc="9" el="37" ec="10" bec="0" bev="0" fileid="3" />
            </Method>
          </Methods>
        </Class>
        <Class>
          <Summary numSequencePoints="23" visitedSequencePoints="0" numBranchPoints="6" visitedBranchPoints="0" sequenceCoverage="0" branchCoverage="0" maxCyclomaticComplexity="2" minCyclomaticComplexity="1" visitedClasses="0" numClasses="1" visitedMethods="0" numMethods="4" />
          <FullName>BadExample.Service.Services.FileWrapperService</FullName>
          <Methods>
            <Method visited="false" cyclomaticComplexity="1" nPathComplexity="0" sequenceCoverage="0" branchCoverage="0" isConstructor="true" isStatic="false" isGetter="false" isSetter="false">
              <Summary numSequencePoints="4" visitedSequencePoints="0" numBranchPoints="1" visitedBranchPoints="0" sequenceCoverage="0" branchCoverage="0" maxCyclomaticComplexity="1" minCyclomaticComplexity="1" visitedClasses="0" numClasses="0" visitedMethods="0" numMethods="1" />
              <MetadataToken>100663306</MetadataToken>
              <Name>System.Void BadExample.Service.Services.FileWrapperService::.ctor(BadExample.Service.Interfaces.IInventoryProcessor)</Name>
              <FileRef uid="4" />
              <SequencePoints>
                <SequencePoint vc="0" uspid="70" ordinal="0" offset="0" sl="10" sc="9" el="10" ec="74" bec="0" bev="0" fileid="4" />
                <SequencePoint vc="0" uspid="71" ordinal="1" offset="7" sl="11" sc="9" el="11" ec="10" bec="0" bev="0" fileid="4" />
                <SequencePoint vc="0" uspid="72" ordinal="2" offset="8" sl="12" sc="13" el="12" ec="54" bec="0" bev="0" fileid="4" />
                <SequencePoint vc="0" uspid="73" ordinal="3" offset="15" sl="13" sc="9" el="13" ec="10" bec="0" bev="0" fileid="4" />
              </SequencePoints>
              <BranchPoints />
              <MethodPoint xsi:type="SequencePoint" vc="0" uspid="70" ordinal="0" offset="0" sl="10" sc="9" el="10" ec="74" bec="0" bev="0" fileid="4" />
            </Method>
            <Method visited="false" cyclomaticComplexity="1" nPathComplexity="0" sequenceCoverage="0" branchCoverage="0" isConstructor="false" isStatic="false" isGetter="false" isSetter="false">
              <Summary numSequencePoints="3" visitedSequencePoints="0" numBranchPoints="1" visitedBranchPoints="0" sequenceCoverage="0" branchCoverage="0" maxCyclomaticComplexity="1" minCyclomaticComplexity="1" visitedClasses="0" numClasses="0" visitedMethods="0" numMethods="1" />
              <MetadataToken>100663307</MetadataToken>
              <Name>System.Void BadExample.Service.Services.FileWrapperService::DeleteLocalFile(System.String)</Name>
              <FileRef uid="4" />
              <SequencePoints>
                <SequencePoint vc="0" uspid="74" ordinal="0" offset="0" sl="15" sc="9" el="15" ec="10" bec="0" bev="0" fileid="4" />
                <SequencePoint vc="0" uspid="75" ordinal="1" offset="1" sl="16" sc="13" el="16" ec="35" bec="0" bev="0" fileid="4" />
                <SequencePoint vc="0" uspid="76" ordinal="2" offset="8" sl="17" sc="9" el="17" ec="10" bec="0" bev="0" fileid="4" />
              </SequencePoints>
              <BranchPoints />
              <MethodPoint xsi:type="SequencePoint" vc="0" uspid="74" ordinal="0" offset="0" sl="15" sc="9" el="15" ec="10" bec="0" bev="0" fileid="4" />
            </Method>
            <Method visited="false" cyclomaticComplexity="1" nPathComplexity="0" sequenceCoverage="0" branchCoverage="0" isConstructor="false" isStatic="false" isGetter="false" isSetter="false">
              <Summary numSequencePoints="7" visitedSequencePoints="0" numBranchPoints="1" visitedBranchPoints="0" sequenceCoverage="0" branchCoverage="0" maxCyclomaticComplexity="1" minCyclomaticComplexity="1" visitedClasses="0" numClasses="0" visitedMethods="0" numMethods="1" />
              <MetadataToken>100663308</MetadataToken>
              <Name>System.IO.FileStream BadExample.Service.Services.FileWrapperService::CreateLocalFile(System.Net.Mail.Attachment,System.String)</Name>
              <FileRef uid="4" />
              <SequencePoints>
                <SequencePoint vc="0" uspid="77" ordinal="0" offset="0" sl="20" sc="9" el="20" ec="10" bec="0" bev="0" fileid="4" />
                <SequencePoint vc="0" uspid="78" ordinal="1" offset="1" sl="21" sc="13" el="21" ec="82" bec="0" bev="0" fileid="4" />
                <SequencePoint vc="0" uspid="79" ordinal="2" offset="19" sl="22" sc="13" el="22" ec="69" bec="0" bev="0" fileid="4" />
                <SequencePoint vc="0" uspid="80" ordinal="3" offset="34" sl="23" sc="13" el="23" ec="61" bec="0" bev="0" fileid="4" />
                <SequencePoint vc="0" uspid="81" ordinal="4" offset="47" sl="24" sc="13" el="24" ec="31" bec="0" bev="0" fileid="4" />
                <SequencePoint vc="0" uspid="82" ordinal="5" offset="54" sl="25" sc="13" el="25" ec="30" bec="0" bev="0" fileid="4" />
                <SequencePoint vc="0" uspid="83" ordinal="6" offset="58" sl="26" sc="9" el="26" ec="10" bec="0" bev="0" fileid="4" />
              </SequencePoints>
              <BranchPoints />
              <MethodPoint xsi:type="SequencePoint" vc="0" uspid="77" ordinal="0" offset="0" sl="20" sc="9" el="20" ec="10" bec="0" bev="0" fileid="4" />
            </Method>
            <Method visited="false" cyclomaticComplexity="2" nPathComplexity="2" sequenceCoverage="0" branchCoverage="0" isConstructor="false" isStatic="false" isGetter="false" isSetter="false">
              <Summary numSequencePoints="9" visitedSequencePoints="0" numBranchPoints="3" visitedBranchPoints="0" sequenceCoverage="0" branchCoverage="0" maxCyclomaticComplexity="2" minCyclomaticComplexity="2" visitedClasses="0" numClasses="0" visitedMethods="0" numMethods="1" />
              <MetadataToken>100663309</MetadataToken>
              <Name>System.Void BadExample.Service.Services.FileWrapperService::ProcessLinesInFile(System.IO.FileStream)</Name>
              <FileRef uid="4" />
              <SequencePoints>
                <SequencePoint vc="0" uspid="84" ordinal="0" offset="0" sl="29" sc="9" el="29" ec="10" bec="0" bev="0" fileid="4" />
                <SequencePoint vc="0" uspid="85" ordinal="1" offset="1" sl="30" sc="13" el="30" ec="40" bec="0" bev="0" fileid="4" />
                <SequencePoint vc="0" uspid="86" ordinal="2" offset="7" sl="31" sc="13" el="31" ec="72" bec="0" bev="0" fileid="4" />
                <SequencePoint vc="0" uspid="87" ordinal="3" offset="16" sl="33" sc="13" el="33" ec="14" bec="0" bev="0" fileid="4" />
                <SequencePoint vc="0" uspid="88" ordinal="4" offset="17" sl="34" sc="17" el="34" ec="59" bec="0" bev="0" fileid="4" />
                <SequencePoint vc="0" uspid="89" ordinal="5" offset="30" sl="35" sc="13" el="35" ec="14" bec="0" bev="0" fileid="4" />
                <SequencePoint vc="0" uspid="90" ordinal="6" offset="31" sl="32" sc="13" el="32" ec="59" bec="2" bev="0" fileid="4" />
                <SequencePoint vc="0" uspid="91" ordinal="7" offset="46" sl="36" sc="13" el="36" ec="32" bec="0" bev="0" fileid="4" />
                <SequencePoint vc="0" uspid="92" ordinal="8" offset="53" sl="37" sc="9" el="37" ec="10" bec="0" bev="0" fileid="4" />
              </SequencePoints>
              <BranchPoints>
                <BranchPoint vc="0" uspid="93" ordinal="0" offset="44" sl="32" path="0" offsetend="46" fileid="4" />
                <BranchPoint vc="0" uspid="94" ordinal="1" offset="44" sl="32" path="1" offsetend="16" fileid="4" />
              </BranchPoints>
              <MethodPoint xsi:type="SequencePoint" vc="0" uspid="84" ordinal="0" offset="0" sl="29" sc="9" el="29" ec="10" bec="0" bev="0" fileid="4" />
            </Method>
          </Methods>
        </Class>
        <Class>
          <Summary numSequencePoints="15" visitedSequencePoints="15" numBranchPoints="5" visitedBranchPoints="5" sequenceCoverage="100" branchCoverage="100" maxCyclomaticComplexity="2" minCyclomaticComplexity="1" visitedClasses="1" numClasses="1" visitedMethods="3" numMethods="3" />
          <FullName>BadExample.Service.Services.InventoryProcessor</FullName>
          <Methods>
            <Method visited="true" cyclomaticComplexity="1" nPathComplexity="0" sequenceCoverage="100" branchCoverage="100" isConstructor="true" isStatic="false" isGetter="false" isSetter="false">
              <Summary numSequencePoints="4" visitedSequencePoints="4" numBranchPoints="1" visitedBranchPoints="1" sequenceCoverage="100" branchCoverage="100" maxCyclomaticComplexity="1" minCyclomaticComplexity="1" visitedClasses="0" numClasses="0" visitedMethods="1" numMethods="1" />
              <MetadataToken>100663310</MetadataToken>
              <Name>System.Void BadExample.Service.Services.InventoryProcessor::.ctor(BadExample.Service.Interfaces.IDatabaseAccessor)</Name>
              <FileRef uid="5" />
              <SequencePoints>
                <SequencePoint vc="6" uspid="95" ordinal="0" offset="0" sl="9" sc="9" el="9" ec="70" bec="0" bev="0" fileid="5" />
                <SequencePoint vc="6" uspid="96" ordinal="1" offset="7" sl="10" sc="9" el="10" ec="10" bec="0" bev="0" fileid="5" />
                <SequencePoint vc="6" uspid="97" ordinal="2" offset="8" sl="11" sc="13" el="11" ec="50" bec="0" bev="0" fileid="5" />
                <SequencePoint vc="6" uspid="98" ordinal="3" offset="15" sl="12" sc="9" el="12" ec="10" bec="0" bev="0" fileid="5" />
              </SequencePoints>
              <BranchPoints />
              <MethodPoint xsi:type="SequencePoint" vc="6" uspid="95" ordinal="0" offset="0" sl="9" sc="9" el="9" ec="70" bec="0" bev="0" fileid="5" />
            </Method>
            <Method visited="true" cyclomaticComplexity="2" nPathComplexity="2" sequenceCoverage="100" branchCoverage="100" isConstructor="false" isStatic="false" isGetter="false" isSetter="false">
              <Summary numSequencePoints="7" visitedSequencePoints="7" numBranchPoints="3" visitedBranchPoints="3" sequenceCoverage="100" branchCoverage="100" maxCyclomaticComplexity="2" minCyclomaticComplexity="2" visitedClasses="0" numClasses="0" visitedMethods="1" numMethods="1" />
              <MetadataToken>100663311</MetadataToken>
              <Name>System.Void BadExample.Service.Services.InventoryProcessor::ProcessLineItem(System.String)</Name>
              <FileRef uid="5" />
              <SequencePoints>
                <SequencePoint vc="2" uspid="99" ordinal="0" offset="0" sl="14" sc="9" el="14" ec="10" bec="0" bev="0" fileid="5" />
                <SequencePoint vc="2" uspid="100" ordinal="1" offset="1" sl="15" sc="13" el="15" ec="58" bec="0" bev="0" fileid="5" />
                <SequencePoint vc="2" uspid="101" ordinal="2" offset="9" sl="16" sc="13" el="16" ec="29" bec="2" bev="2" fileid="5" />
                <SequencePoint vc="1" uspid="102" ordinal="3" offset="22" sl="17" sc="13" el="17" ec="14" bec="0" bev="0" fileid="5" />
                <SequencePoint vc="1" uspid="103" ordinal="4" offset="23" sl="18" sc="17" el="18" ec="57" bec="0" bev="0" fileid="5" />
                <SequencePoint vc="1" uspid="104" ordinal="5" offset="36" sl="19" sc="13" el="19" ec="14" bec="0" bev="0" fileid="5" />
                <SequencePoint vc="2" uspid="105" ordinal="6" offset="37" sl="20" sc="9" el="20" ec="10" bec="0" bev="0" fileid="5" />
              </SequencePoints>
              <BranchPoints>
                <BranchPoint vc="1" uspid="106" ordinal="0" offset="20" sl="16" path="0" offsetend="22" fileid="5" />
                <BranchPoint vc="1" uspid="107" ordinal="1" offset="20" sl="16" path="1" offsetend="37" fileid="5" />
              </BranchPoints>
              <MethodPoint xsi:type="SequencePoint" vc="2" uspid="99" ordinal="0" offset="0" sl="14" sc="9" el="14" ec="10" bec="0" bev="0" fileid="5" />
            </Method>
            <Method visited="true" cyclomaticComplexity="2" nPathComplexity="0" sequenceCoverage="100" branchCoverage="100" isConstructor="false" isStatic="false" isGetter="false" isSetter="false">
              <Summary numSequencePoints="4" visitedSequencePoints="4" numBranchPoints="1" visitedBranchPoints="1" sequenceCoverage="100" branchCoverage="100" maxCyclomaticComplexity="2" minCyclomaticComplexity="2" visitedClasses="0" numClasses="0" visitedMethods="1" numMethods="1" />
              <MetadataToken>100663312</MetadataToken>
              <Name>BadExample.Service.Models.InventoryItem BadExample.Service.Services.InventoryProcessor::MakeInventoryItem(System.String)</Name>
              <FileRef uid="5" />
              <SequencePoints>
                <SequencePoint vc="6" uspid="108" ordinal="0" offset="0" sl="22" sc="9" el="22" ec="10" bec="0" bev="0" fileid="5" />
                <SequencePoint vc="6" uspid="109" ordinal="1" offset="1" sl="23" sc="13" el="23" ec="45" bec="0" bev="0" fileid="5" />
                <SequencePoint vc="6" uspid="110" ordinal="2" offset="19" sl="24" sc="13" el="24" ec="154" bec="0" bev="0" fileid="5" />
                <SequencePoint vc="6" uspid="111" ordinal="3" offset="55" sl="25" sc="9" el="25" ec="10" bec="0" bev="0" fileid="5" />
              </SequencePoints>
              <BranchPoints />
              <MethodPoint xsi:type="SequencePoint" vc="6" uspid="108" ordinal="0" offset="0" sl="22" sc="9" el="22" ec="10" bec="0" bev="0" fileid="5" />
            </Method>
          </Methods>
        </Class>
        <Class>
          <Summary numSequencePoints="36" visitedSequencePoints="28" numBranchPoints="12" visitedBranchPoints="11" sequenceCoverage="77.78" branchCoverage="91.67" maxCyclomaticComplexity="1" minCyclomaticComplexity="1" visitedClasses="1" numClasses="1" visitedMethods="11" numMethods="12" />
          <FullName>BadExample.Service.Models.InventoryItem</FullName>
          <Methods>
            <Method visited="true" cyclomaticComplexity="1" nPathComplexity="0" sequenceCoverage="100" branchCoverage="100" isConstructor="false" isStatic="false" isGetter="true" isSetter="false">
              <Summary numSequencePoints="1" visitedSequencePoints="1" numBranchPoints="1" visitedBranchPoints="1" sequenceCoverage="100" branchCoverage="100" maxCyclomaticComplexity="1" minCyclomaticComplexity="1" visitedClasses="0" numClasses="0" visitedMethods="1" numMethods="1" />
              <MetadataToken>100663313</MetadataToken>
              <Name>System.String BadExample.Service.Models.InventoryItem::get_Name()</Name>
              <FileRef uid="6" />
              <SequencePoints>
                <SequencePoint vc="4" uspid="114" ordinal="0" offset="0" sl="8" sc="30" el="8" ec="34" bec="0" bev="0" fileid="6" />
              </SequencePoints>
              <BranchPoints />
              <MethodPoint xsi:type="SequencePoint" vc="4" uspid="114" ordinal="0" offset="0" sl="8" sc="30" el="8" ec="34" bec="0" bev="0" fileid="6" />
            </Method>
            <Method visited="true" cyclomaticComplexity="1" nPathComplexity="0" sequenceCoverage="100" branchCoverage="100" isConstructor="false" isStatic="false" isGetter="false" isSetter="true">
              <Summary numSequencePoints="1" visitedSequencePoints="1" numBranchPoints="1" visitedBranchPoints="1" sequenceCoverage="100" branchCoverage="100" maxCyclomaticComplexity="1" minCyclomaticComplexity="1" visitedClasses="0" numClasses="0" visitedMethods="1" numMethods="1" />
              <MetadataToken>100663314</MetadataToken>
              <Name>System.Void BadExample.Service.Models.InventoryItem::set_Name(System.String)</Name>
              <FileRef uid="6" />
              <SequencePoints>
                <SequencePoint vc="6" uspid="115" ordinal="0" offset="0" sl="8" sc="35" el="8" ec="47" bec="0" bev="0" fileid="6" />
              </SequencePoints>
              <BranchPoints />
              <MethodPoint xsi:type="SequencePoint" vc="6" uspid="115" ordinal="0" offset="0" sl="8" sc="35" el="8" ec="47" bec="0" bev="0" fileid="6" />
            </Method>
            <Method visited="true" cyclomaticComplexity="1" nPathComplexity="0" sequenceCoverage="100" branchCoverage="100" isConstructor="false" isStatic="false" isGetter="true" isSetter="false">
              <Summary numSequencePoints="1" visitedSequencePoints="1" numBranchPoints="1" visitedBranchPoints="1" sequenceCoverage="100" branchCoverage="100" maxCyclomaticComplexity="1" minCyclomaticComplexity="1" visitedClasses="0" numClasses="0" visitedMethods="1" numMethods="1" />
              <MetadataToken>100663315</MetadataToken>
              <Name>System.Int32 BadExample.Service.Models.InventoryItem::get_Id()</Name>
              <FileRef uid="6" />
              <SequencePoints>
                <SequencePoint vc="6" uspid="116" ordinal="0" offset="0" sl="9" sc="25" el="9" ec="29" bec="0" bev="0" fileid="6" />
              </SequencePoints>
              <BranchPoints />
              <MethodPoint xsi:type="SequencePoint" vc="6" uspid="116" ordinal="0" offset="0" sl="9" sc="25" el="9" ec="29" bec="0" bev="0" fileid="6" />
            </Method>
            <Method visited="true" cyclomaticComplexity="1" nPathComplexity="0" sequenceCoverage="100" branchCoverage="100" isConstructor="false" isStatic="false" isGetter="false" isSetter="true">
              <Summary numSequencePoints="1" visitedSequencePoints="1" numBranchPoints="1" visitedBranchPoints="1" sequenceCoverage="100" branchCoverage="100" maxCyclomaticComplexity="1" minCyclomaticComplexity="1" visitedClasses="0" numClasses="0" visitedMethods="1" numMethods="1" />
              <MetadataToken>100663316</MetadataToken>
              <Name>System.Void BadExample.Service.Models.InventoryItem::set_Id(System.Int32)</Name>
              <FileRef uid="6" />
              <SequencePoints>
                <SequencePoint vc="8" uspid="117" ordinal="0" offset="0" sl="9" sc="30" el="9" ec="42" bec="0" bev="0" fileid="6" />
              </SequencePoints>
              <BranchPoints />
              <MethodPoint xsi:type="SequencePoint" vc="8" uspid="117" ordinal="0" offset="0" sl="9" sc="30" el="9" ec="42" bec="0" bev="0" fileid="6" />
            </Method>
            <Method visited="true" cyclomaticComplexity="1" nPathComplexity="0" sequenceCoverage="100" branchCoverage="100" isConstructor="false" isStatic="false" isGetter="true" isSetter="false">
              <Summary numSequencePoints="1" visitedSequencePoints="1" numBranchPoints="1" visitedBranchPoints="1" sequenceCoverage="100" branchCoverage="100" maxCyclomaticComplexity="1" minCyclomaticComplexity="1" visitedClasses="0" numClasses="0" visitedMethods="1" numMethods="1" />
              <MetadataToken>100663317</MetadataToken>
              <Name>System.String BadExample.Service.Models.InventoryItem::get_Type()</Name>
              <FileRef uid="6" />
              <SequencePoints>
                <SequencePoint vc="4" uspid="118" ordinal="0" offset="0" sl="10" sc="30" el="10" ec="34" bec="0" bev="0" fileid="6" />
              </SequencePoints>
              <BranchPoints />
              <MethodPoint xsi:type="SequencePoint" vc="4" uspid="118" ordinal="0" offset="0" sl="10" sc="30" el="10" ec="34" bec="0" bev="0" fileid="6" />
            </Method>
            <Method visited="true" cyclomaticComplexity="1" nPathComplexity="0" sequenceCoverage="100" branchCoverage="100" isConstructor="false" isStatic="false" isGetter="false" isSetter="true">
              <Summary numSequencePoints="1" visitedSequencePoints="1" numBranchPoints="1" visitedBranchPoints="1" sequenceCoverage="100" branchCoverage="100" maxCyclomaticComplexity="1" minCyclomaticComplexity="1" visitedClasses="0" numClasses="0" visitedMethods="1" numMethods="1" />
              <MetadataToken>100663318</MetadataToken>
              <Name>System.Void BadExample.Service.Models.InventoryItem::set_Type(System.String)</Name>
              <FileRef uid="6" />
              <SequencePoints>
                <SequencePoint vc="6" uspid="119" ordinal="0" offset="0" sl="10" sc="35" el="10" ec="47" bec="0" bev="0" fileid="6" />
              </SequencePoints>
              <BranchPoints />
              <MethodPoint xsi:type="SequencePoint" vc="6" uspid="119" ordinal="0" offset="0" sl="10" sc="35" el="10" ec="47" bec="0" bev="0" fileid="6" />
            </Method>
            <Method visited="true" cyclomaticComplexity="1" nPathComplexity="0" sequenceCoverage="100" branchCoverage="100" isConstructor="false" isStatic="false" isGetter="true" isSetter="false">
              <Summary numSequencePoints="1" visitedSequencePoints="1" numBranchPoints="1" visitedBranchPoints="1" sequenceCoverage="100" branchCoverage="100" maxCyclomaticComplexity="1" minCyclomaticComplexity="1" visitedClasses="0" numClasses="0" visitedMethods="1" numMethods="1" />
              <MetadataToken>100663319</MetadataToken>
              <Name>System.Int32 BadExample.Service.Models.InventoryItem::get_Amount()</Name>
              <FileRef uid="6" />
              <SequencePoints>
                <SequencePoint vc="4" uspid="120" ordinal="0" offset="0" sl="11" sc="29" el="11" ec="33" bec="0" bev="0" fileid="6" />
              </SequencePoints>
              <BranchPoints />
              <MethodPoint xsi:type="SequencePoint" vc="4" uspid="120" ordinal="0" offset="0" sl="11" sc="29" el="11" ec="33" bec="0" bev="0" fileid="6" />
            </Method>
            <Method visited="true" cyclomaticComplexity="1" nPathComplexity="0" sequenceCoverage="100" branchCoverage="100" isConstructor="false" isStatic="false" isGetter="false" isSetter="true">
              <Summary numSequencePoints="1" visitedSequencePoints="1" numBranchPoints="1" visitedBranchPoints="1" sequenceCoverage="100" branchCoverage="100" maxCyclomaticComplexity="1" minCyclomaticComplexity="1" visitedClasses="0" numClasses="0" visitedMethods="1" numMethods="1" />
              <MetadataToken>100663320</MetadataToken>
              <Name>System.Void BadExample.Service.Models.InventoryItem::set_Amount(System.Int32)</Name>
              <FileRef uid="6" />
              <SequencePoints>
                <SequencePoint vc="8" uspid="121" ordinal="0" offset="0" sl="11" sc="34" el="11" ec="46" bec="0" bev="0" fileid="6" />
              </SequencePoints>
              <BranchPoints />
              <MethodPoint xsi:type="SequencePoint" vc="8" uspid="121" ordinal="0" offset="0" sl="11" sc="34" el="11" ec="46" bec="0" bev="0" fileid="6" />
            </Method>
            <Method visited="true" cyclomaticComplexity="1" nPathComplexity="0" sequenceCoverage="100" branchCoverage="100" isConstructor="false" isStatic="false" isGetter="true" isSetter="false">
              <Summary numSequencePoints="1" visitedSequencePoints="1" numBranchPoints="1" visitedBranchPoints="1" sequenceCoverage="100" branchCoverage="100" maxCyclomaticComplexity="1" minCyclomaticComplexity="1" visitedClasses="0" numClasses="0" visitedMethods="1" numMethods="1" />
              <MetadataToken>100663321</MetadataToken>
              <Name>System.Decimal BadExample.Service.Models.InventoryItem::get_Cost()</Name>
              <FileRef uid="6" />
              <SequencePoints>
                <SequencePoint vc="4" uspid="122" ordinal="0" offset="0" sl="12" sc="31" el="12" ec="35" bec="0" bev="0" fileid="6" />
              </SequencePoints>
              <BranchPoints />
              <MethodPoint xsi:type="SequencePoint" vc="4" uspid="122" ordinal="0" offset="0" sl="12" sc="31" el="12" ec="35" bec="0" bev="0" fileid="6" />
            </Method>
            <Method visited="true" cyclomaticComplexity="1" nPathComplexity="0" sequenceCoverage="100" branchCoverage="100" isConstructor="false" isStatic="false" isGetter="false" isSetter="true">
              <Summary numSequencePoints="1" visitedSequencePoints="1" numBranchPoints="1" visitedBranchPoints="1" sequenceCoverage="100" branchCoverage="100" maxCyclomaticComplexity="1" minCyclomaticComplexity="1" visitedClasses="0" numClasses="0" visitedMethods="1" numMethods="1" />
              <MetadataToken>100663322</MetadataToken>
              <Name>System.Void BadExample.Service.Models.InventoryItem::set_Cost(System.Decimal)</Name>
              <FileRef uid="6" />
              <SequencePoints>
                <SequencePoint vc="6" uspid="123" ordinal="0" offset="0" sl="12" sc="36" el="12" ec="48" bec="0" bev="0" fileid="6" />
              </SequencePoints>
              <BranchPoints />
              <MethodPoint xsi:type="SequencePoint" vc="6" uspid="123" ordinal="0" offset="0" sl="12" sc="36" el="12" ec="48" bec="0" bev="0" fileid="6" />
            </Method>
            <Method visited="false" cyclomaticComplexity="1" nPathComplexity="0" sequenceCoverage="0" branchCoverage="0" isConstructor="true" isStatic="false" isGetter="false" isSetter="false">
              <Summary numSequencePoints="8" visitedSequencePoints="0" numBranchPoints="1" visitedBranchPoints="0" sequenceCoverage="0" branchCoverage="0" maxCyclomaticComplexity="1" minCyclomaticComplexity="1" visitedClasses="0" numClasses="0" visitedMethods="0" numMethods="1" />
              <MetadataToken>100663323</MetadataToken>
              <Name>System.Void BadExample.Service.Models.InventoryItem::.ctor()</Name>
              <FileRef uid="6" />
              <SequencePoints>
                <SequencePoint vc="0" uspid="124" ordinal="0" offset="0" sl="13" sc="9" el="13" ec="31" bec="0" bev="0" fileid="6" />
                <SequencePoint vc="0" uspid="125" ordinal="1" offset="7" sl="14" sc="9" el="14" ec="10" bec="0" bev="0" fileid="6" />
                <SequencePoint vc="0" uspid="126" ordinal="2" offset="8" sl="15" sc="13" el="15" ec="21" bec="0" bev="0" fileid="6" />
                <SequencePoint vc="0" uspid="127" ordinal="3" offset="16" sl="16" sc="13" el="16" ec="24" bec="0" bev="0" fileid="6" />
                <SequencePoint vc="0" uspid="128" ordinal="4" offset="24" sl="17" sc="13" el="17" ec="22" bec="0" bev="0" fileid="6" />
                <SequencePoint vc="0" uspid="129" ordinal="5" offset="36" sl="18" sc="13" el="18" ec="23" bec="0" bev="0" fileid="6" />
                <SequencePoint vc="0" uspid="130" ordinal="6" offset="48" sl="19" sc="13" el="19" ec="23" bec="0" bev="0" fileid="6" />
                <SequencePoint vc="0" uspid="131" ordinal="7" offset="60" sl="20" sc="9" el="20" ec="10" bec="0" bev="0" fileid="6" />
              </SequencePoints>
              <BranchPoints />
              <MethodPoint xsi:type="SequencePoint" vc="0" uspid="124" ordinal="0" offset="0" sl="13" sc="9" el="13" ec="31" bec="0" bev="0" fileid="6" />
            </Method>
            <Method visited="true" cyclomaticComplexity="1" nPathComplexity="0" sequenceCoverage="100" branchCoverage="100" isConstructor="true" isStatic="false" isGetter="false" isSetter="false">
              <Summary numSequencePoints="18" visitedSequencePoints="18" numBranchPoints="1" visitedBranchPoints="1" sequenceCoverage="100" branchCoverage="100" maxCyclomaticComplexity="1" minCyclomaticComplexity="1" visitedClasses="0" numClasses="0" visitedMethods="1" numMethods="1" />
              <MetadataToken>100663324</MetadataToken>
              <Name>System.Void BadExample.Service.Models.InventoryItem::.ctor(System.String,System.String,System.String,System.String,System.String)</Name>
              <FileRef uid="6" />
              <SequencePoints>
                <SequencePoint vc="6" uspid="132" ordinal="0" offset="0" sl="21" sc="9" el="21" ec="94" bec="0" bev="0" fileid="6" />
                <SequencePoint vc="6" uspid="133" ordinal="1" offset="7" sl="22" sc="9" el="22" ec="10" bec="0" bev="0" fileid="6" />
                <SequencePoint vc="6" uspid="134" ordinal="2" offset="8" sl="24" sc="13" el="24" ec="14" bec="0" bev="0" fileid="6" />
                <SequencePoint vc="6" uspid="135" ordinal="3" offset="9" sl="25" sc="17" el="25" ec="42" bec="0" bev="0" fileid="6" />
                <SequencePoint vc="5" uspid="136" ordinal="4" offset="22" sl="26" sc="17" el="26" ec="50" bec="0" bev="0" fileid="6" />
                <SequencePoint vc="5" uspid="137" ordinal="5" offset="36" sl="27" sc="17" el="27" ec="48" bec="0" bev="0" fileid="6" />
                <SequencePoint vc="3" uspid="138" ordinal="6" offset="50" sl="28" sc="17" el="28" ec="36" bec="0" bev="0" fileid="6" />
                <SequencePoint vc="3" uspid="139" ordinal="7" offset="63" sl="29" sc="17" el="29" ec="36" bec="0" bev="0" fileid="6" />
                <SequencePoint vc="3" uspid="140" ordinal="8" offset="76" sl="30" sc="13" el="30" ec="14" bec="0" bev="0" fileid="6" />
                <SequencePoint vc="3" uspid="141" ordinal="9" offset="79" sl="31" sc="13" el="31" ec="18" bec="0" bev="0" fileid="6" />
                <SequencePoint vc="3" uspid="142" ordinal="10" offset="80" sl="32" sc="13" el="32" ec="14" bec="0" bev="0" fileid="6" />
                <SequencePoint vc="3" uspid="143" ordinal="11" offset="81" sl="33" sc="17" el="33" ec="25" bec="0" bev="0" fileid="6" />
                <SequencePoint vc="3" uspid="144" ordinal="12" offset="89" sl="34" sc="17" el="34" ec="28" bec="0" bev="0" fileid="6" />
                <SequencePoint vc="3" uspid="145" ordinal="13" offset="97" sl="35" sc="17" el="35" ec="26" bec="0" bev="0" fileid="6" />
                <SequencePoint vc="3" uspid="146" ordinal="14" offset="109" sl="36" sc="17" el="36" ec="27" bec="0" bev="0" fileid="6" />
                <SequencePoint vc="3" uspid="147" ordinal="15" offset="121" sl="37" sc="17" el="37" ec="27" bec="0" bev="0" fileid="6" />
                <SequencePoint vc="3" uspid="148" ordinal="16" offset="133" sl="38" sc="13" el="38" ec="14" bec="0" bev="0" fileid="6" />
                <SequencePoint vc="6" uspid="149" ordinal="17" offset="136" sl="39" sc="9" el="39" ec="10" bec="0" bev="0" fileid="6" />
              </SequencePoints>
              <BranchPoints />
              <MethodPoint xsi:type="SequencePoint" vc="6" uspid="132" ordinal="0" offset="0" sl="21" sc="9" el="21" ec="94" bec="0" bev="0" fileid="6" />
            </Method>
          </Methods>
        </Class>
        <Class>
          <Summary numSequencePoints="10" visitedSequencePoints="0" numBranchPoints="5" visitedBranchPoints="0" sequenceCoverage="0" branchCoverage="0" maxCyclomaticComplexity="3" minCyclomaticComplexity="3" visitedClasses="0" numClasses="1" visitedMethods="0" numMethods="1" />
          <FullName>BadExample.Service.Extensions.ArrayExtensions</FullName>
          <Methods>
            <Method visited="false" cyclomaticComplexity="3" nPathComplexity="4" sequenceCoverage="0" branchCoverage="0" isConstructor="false" isStatic="true" isGetter="false" isSetter="false">
              <Summary numSequencePoints="10" visitedSequencePoints="0" numBranchPoints="5" visitedBranchPoints="0" sequenceCoverage="0" branchCoverage="0" maxCyclomaticComplexity="3" minCyclomaticComplexity="3" visitedClasses="0" numClasses="0" visitedMethods="0" numMethods="1" />
              <MetadataToken>100663336</MetadataToken>
              <Name>System.Void BadExample.Service.Extensions.ArrayExtensions::TrimValues(System.String[])</Name>
              <FileRef uid="7" />
              <SequencePoints>
                <SequencePoint vc="0" uspid="150" ordinal="0" offset="0" sl="6" sc="9" el="6" ec="10" bec="0" bev="0" fileid="7" />
                <SequencePoint vc="0" uspid="151" ordinal="1" offset="1" sl="7" sc="13" el="7" ec="31" bec="2" bev="0" fileid="7" />
                <SequencePoint vc="0" uspid="152" ordinal="2" offset="9" sl="8" sc="17" el="8" ec="24" bec="0" bev="0" fileid="7" />
                <SequencePoint vc="0" uspid="153" ordinal="3" offset="11" sl="9" sc="18" el="9" ec="27" bec="0" bev="0" fileid="7" />
                <SequencePoint vc="0" uspid="154" ordinal="4" offset="15" sl="10" sc="13" el="10" ec="14" bec="0" bev="0" fileid="7" />
                <SequencePoint vc="0" uspid="155" ordinal="5" offset="16" sl="11" sc="17" el="11" ec="44" bec="0" bev="0" fileid="7" />
                <SequencePoint vc="0" uspid="156" ordinal="6" offset="27" sl="12" sc="13" el="12" ec="14" bec="0" bev="0" fileid="7" />
                <SequencePoint vc="0" uspid="157" ordinal="7" offset="28" sl="9" sc="47" el="9" ec="50" bec="0" bev="0" fileid="7" />
                <SequencePoint vc="0" uspid="158" ordinal="8" offset="34" sl="9" sc="29" el="9" ec="45" bec="2" bev="0" fileid="7" />
                <SequencePoint vc="0" uspid="159" ordinal="9" offset="44" sl="13" sc="9" el="13" ec="10" bec="0" bev="0" fileid="7" />
              </SequencePoints>
              <BranchPoints>
                <BranchPoint vc="0" uspid="160" ordinal="0" offset="7" sl="7" path="0" offsetchain="9" offsetend="44" fileid="7" />
                <BranchPoint vc="0" uspid="161" ordinal="1" offset="7" sl="7" path="1" offsetend="11" fileid="7" />
                <BranchPoint vc="0" uspid="162" ordinal="2" offset="42" sl="9" path="0" offsetend="44" fileid="7" />
                <BranchPoint vc="0" uspid="163" ordinal="3" offset="42" sl="9" path="1" offsetend="15" fileid="7" />
              </BranchPoints>
              <MethodPoint xsi:type="SequencePoint" vc="0" uspid="150" ordinal="0" offset="0" sl="6" sc="9" el="6" ec="10" bec="0" bev="0" fileid="7" />
            </Method>
          </Methods>
        </Class>
        <Class>
          <Summary numSequencePoints="23" visitedSequencePoints="0" numBranchPoints="4" visitedBranchPoints="0" sequenceCoverage="0" branchCoverage="0" maxCyclomaticComplexity="3" minCyclomaticComplexity="1" visitedClasses="0" numClasses="1" visitedMethods="0" numMethods="2" />
          <FullName>BadExample.Service.Database.DatabaseAccessor</FullName>
          <Methods>
            <Method visited="false" cyclomaticComplexity="1" nPathComplexity="0" sequenceCoverage="0" branchCoverage="0" isConstructor="true" isStatic="false" isGetter="false" isSetter="false">
              <Summary numSequencePoints="4" visitedSequencePoints="0" numBranchPoints="1" visitedBranchPoints="0" sequenceCoverage="0" branchCoverage="0" maxCyclomaticComplexity="1" minCyclomaticComplexity="1" visitedClasses="0" numClasses="0" visitedMethods="0" numMethods="1" />
              <MetadataToken>100663337</MetadataToken>
              <Name>System.Void BadExample.Service.Database.DatabaseAccessor::.ctor()</Name>
              <FileRef uid="8" />
              <SequencePoints>
                <SequencePoint vc="0" uspid="164" ordinal="0" offset="0" sl="12" sc="9" el="12" ec="34" bec="0" bev="0" fileid="8" />
                <SequencePoint vc="0" uspid="165" ordinal="1" offset="7" sl="13" sc="9" el="13" ec="10" bec="0" bev="0" fileid="8" />
                <SequencePoint vc="0" uspid="166" ordinal="2" offset="8" sl="14" sc="13" el="14" ec="109" bec="0" bev="0" fileid="8" />
                <SequencePoint vc="0" uspid="167" ordinal="3" offset="34" sl="15" sc="9" el="15" ec="10" bec="0" bev="0" fileid="8" />
              </SequencePoints>
              <BranchPoints />
              <MethodPoint xsi:type="SequencePoint" vc="0" uspid="164" ordinal="0" offset="0" sl="12" sc="9" el="12" ec="34" bec="0" bev="0" fileid="8" />
            </Method>
            <Method visited="false" cyclomaticComplexity="3" nPathComplexity="2" sequenceCoverage="0" branchCoverage="0" isConstructor="false" isStatic="false" isGetter="false" isSetter="false">
              <Summary numSequencePoints="19" visitedSequencePoints="0" numBranchPoints="3" visitedBranchPoints="0" sequenceCoverage="0" branchCoverage="0" maxCyclomaticComplexity="3" minCyclomaticComplexity="3" visitedClasses="0" numClasses="0" visitedMethods="0" numMethods="1" />
              <MetadataToken>100663338</MetadataToken>
              <Name>System.Void BadExample.Service.Database.DatabaseAccessor::InsertInventory(BadExample.Service.Models.InventoryItem)</Name>
              <FileRef uid="8" />
              <SequencePoints>
                <SequencePoint vc="0" uspid="168" ordinal="0" offset="0" sl="17" sc="9" el="17" ec="10" bec="0" bev="0" fileid="8" />
                <SequencePoint vc="0" uspid="169" ordinal="1" offset="1" sl="18" sc="20" el="18" ec="73" bec="0" bev="0" fileid="8" />
                <SequencePoint vc="0" uspid="170" ordinal="2" offset="13" sl="19" sc="13" el="19" ec="14" bec="0" bev="0" fileid="8" />
                <SequencePoint vc="0" uspid="171" ordinal="3" offset="14" sl="20" sc="17" el="21" ec="141" bec="0" bev="0" fileid="8" />
                <SequencePoint vc="0" uspid="172" ordinal="4" offset="25" sl="22" sc="17" el="22" ec="64" bec="0" bev="0" fileid="8" />
                <SequencePoint vc="0" uspid="173" ordinal="5" offset="53" sl="23" sc="17" el="23" ec="68" bec="0" bev="0" fileid="8" />
                <SequencePoint vc="0" uspid="174" ordinal="6" offset="76" sl="24" sc="17" el="24" ec="68" bec="0" bev="0" fileid="8" />
                <SequencePoint vc="0" uspid="175" ordinal="7" offset="99" sl="25" sc="17" el="25" ec="72" bec="0" bev="0" fileid="8" />
                <SequencePoint vc="0" uspid="176" ordinal="8" offset="127" sl="26" sc="17" el="26" ec="68" bec="0" bev="0" fileid="8" />
                <SequencePoint vc="0" uspid="177" ordinal="9" offset="155" sl="28" sc="17" el="28" ec="35" bec="0" bev="0" fileid="8" />
                <SequencePoint vc="0" uspid="178" ordinal="10" offset="162" sl="29" sc="17" el="29" ec="54" bec="0" bev="0" fileid="8" />
                <SequencePoint vc="0" uspid="179" ordinal="11" offset="171" sl="31" sc="17" el="31" ec="18" bec="0" bev="0" fileid="8" />
                <SequencePoint vc="0" uspid="180" ordinal="12" offset="172" sl="32" sc="21" el="32" ec="64" bec="0" bev="0" fileid="8" />
                <SequencePoint vc="0" uspid="181" ordinal="13" offset="185" sl="33" sc="21" el="33" ec="50" bec="0" bev="0" fileid="8" />
                <SequencePoint vc="0" uspid="182" ordinal="14" offset="192" sl="34" sc="17" el="34" ec="18" bec="0" bev="0" fileid="8" />
                <SequencePoint vc="0" uspid="183" ordinal="15" offset="193" sl="30" sc="17" el="30" ec="38" bec="2" bev="0" fileid="8" />
                <SequencePoint vc="0" uspid="184" ordinal="16" offset="205" sl="35" sc="17" el="35" ec="32" bec="0" bev="0" fileid="8" />
                <SequencePoint vc="0" uspid="185" ordinal="17" offset="212" sl="36" sc="13" el="36" ec="14" bec="0" bev="0" fileid="8" />
                <SequencePoint vc="0" uspid="186" ordinal="18" offset="226" sl="37" sc="9" el="37" ec="10" bec="0" bev="0" fileid="8" />
              </SequencePoints>
              <BranchPoints>
                <BranchPoint vc="0" uspid="187" ordinal="0" offset="203" sl="30" path="0" offsetend="205" fileid="8" />
                <BranchPoint vc="0" uspid="188" ordinal="1" offset="203" sl="30" path="1" offsetend="171" fileid="8" />
              </BranchPoints>
              <MethodPoint xsi:type="SequencePoint" vc="0" uspid="168" ordinal="0" offset="0" sl="17" sc="9" el="17" ec="10" bec="0" bev="0" fileid="8" />
            </Method>
          </Methods>
        </Class>
      </Classes>
    </Module>
    <Module skippedDueTo="Filter" hash="07-45-D5-E5-64-A5-50-1F-70-A0-AC-85-75-89-96-B5-69-A5-81-0F">
      <ModulePath>C:\Users\bkoenig\AppData\Local\Temp\65766744-2564-4beb-a5b9-9be2a66ba48d\65766744-2564-4beb-a5b9-9be2a66ba48d\assembly\dl3\fe7e5d7c\3935043b_4c8fd101\xunit.assert.dll</ModulePath>
      <ModuleTime>2016-04-06T19:06:59.8643878Z</ModuleTime>
      <ModuleName>xunit.assert</ModuleName>
      <Classes />
    </Module>
    <Module skippedDueTo="Filter" hash="8C-78-21-FE-4C-F1-66-9F-06-0A-4E-AA-35-D3-EB-7C-E6-2B-D1-33">
      <ModulePath>C:\Users\bkoenig\AppData\Local\Temp\65766744-2564-4beb-a5b9-9be2a66ba48d\65766744-2564-4beb-a5b9-9be2a66ba48d\assembly\dl3\11ddd345\a056f689_4b8fd101\NSubstitute.dll</ModulePath>
      <ModuleTime>2016-04-06T19:06:59.8699719Z</ModuleTime>
      <ModuleName>NSubstitute</ModuleName>
      <Classes />
    </Module>
    <Module skippedDueTo="Filter" hash="EA-64-1D-BA-F4-07-0C-EF-04-56-83-1C-52-9A-5B-3E-ED-58-63-58">
      <ModulePath>C:\Users\bkoenig\AppData\Local\Temp\65766744-2564-4beb-a5b9-9be2a66ba48d\65766744-2564-4beb-a5b9-9be2a66ba48d\assembly\dl3\ab181bbb\006b6346_c67ed101\S22.Imap.dll</ModulePath>
      <ModuleTime>2016-04-06T19:06:59.8946141Z</ModuleTime>
      <ModuleName>S22.Imap</ModuleName>
      <Classes />
    </Module>
    <Module skippedDueTo="Filter" hash="82-5C-17-A3-7B-6F-79-3A-17-BC-77-9E-B8-23-A5-20-EF-05-DB-63">
      <ModulePath>C:\WINDOWS\Microsoft.Net\assembly\GAC_MSIL\System.ServiceModel\v4.0_4.0.0.0__b77a5c561934e089\System.ServiceModel.dll</ModulePath>
      <ModuleTime>2015-10-30T07:19:31.5339114Z</ModuleTime>
      <ModuleName>System.ServiceModel</ModuleName>
      <Classes />
    </Module>
    <Module skippedDueTo="Filter" hash="49-F6-B9-FA-89-1F-12-21-02-F2-B4-EB-98-8E-A0-5F-9D-8D-B9-EB">
      <ModulePath>C:\WINDOWS\Microsoft.Net\assembly\GAC_MSIL\System.Configuration\v4.0_4.0.0.0__b03f5f7f11d50a3a\System.Configuration.dll</ModulePath>
      <ModuleTime>2015-10-30T07:19:36.3463962Z</ModuleTime>
      <ModuleName>System.Configuration</ModuleName>
      <Classes />
    </Module>
    <Module skippedDueTo="Filter" hash="EF-52-21-EB-4F-85-D8-B3-D7-89-84-B0-B6-75-FA-E6-AA-E1-AE-FC">
      <ModulePath>C:\WINDOWS\Microsoft.Net\assembly\GAC_MSIL\System.Xml\v4.0_4.0.0.0__b77a5c561934e089\System.Xml.dll</ModulePath>
      <ModuleTime>2015-10-30T07:19:38.0182662Z</ModuleTime>
      <ModuleName>System.Xml</ModuleName>
      <Classes />
    </Module>
    <Module skippedDueTo="Filter" hash="">
      <ModulePath>RefEmit_InMemoryManifestModule</ModulePath>
      <ModuleTime>0001-01-01T00:00:00</ModuleTime>
      <ModuleName>DynamicProxyGenAssembly2</ModuleName>
      <Classes />
    </Module>
    <Module skippedDueTo="Filter" hash="">
      <ModulePath>RefEmit_InMemoryManifestModule</ModulePath>
      <ModuleTime>0001-01-01T00:00:00</ModuleTime>
      <ModuleName>DynamicProxyGenAssembly2</ModuleName>
      <Classes />
    </Module>
    <Module skippedDueTo="Filter" hash="0F-EB-E4-2E-D6-32-D1-A7-37-3F-99-82-7D-F5-9B-6D-BA-5E-6E-9C">
      <ModulePath>C:\WINDOWS\Microsoft.Net\assembly\GAC_MSIL\System.Reflection\v4.0_4.0.0.0__b03f5f7f11d50a3a\System.Reflection.dll</ModulePath>
      <ModuleTime>2015-10-30T07:19:36.283896Z</ModuleTime>
      <ModuleName>System.Reflection</ModuleName>
      <Classes />
    </Module>
    <Module skippedDueTo="Filter" hash="CE-00-FC-74-00-4A-39-A6-92-09-02-14-FE-F5-83-F2-81-BC-DB-AF">
      <ModulePath>C:\WINDOWS\Microsoft.Net\assembly\GAC_MSIL\System.Numerics\v4.0_4.0.0.0__b77a5c561934e089\System.Numerics.dll</ModulePath>
      <ModuleTime>2015-10-30T07:19:38.0338917Z</ModuleTime>
      <ModuleName>System.Numerics</ModuleName>
      <Classes />
    </Module>
  </Modules>
</CoverageSession>